  Process "parser.y" bison file
  rule_wrapper.cpp
  bison_driver.cpp
C:\Users\dedan\source\repos\Magi_rewrite\Magi_rewrite\database\bison_extention\scanner.h(43,10): fatal  error C1083: Не удается открыть файл включение: FlexLexer.h: No such file or directory,
  parser.cpp
C:\Users\dedan\source\repos\Magi_rewrite\Magi_rewrite\database\bison_extention\scanner.h(43,10): fatal  error C1083: Не удается открыть файл включение: FlexLexer.h: No such file or directory,
  scanner.cpp
C:\Program Files\Microsoft Visual Studio\2022\Community\VC\Tools\MSVC\14.35.32215\include\stdint.h(49,1): warning C4005: INT8_MIN: изменение макроопределения
C:\Users\dedan\source\repos\Magi_rewrite\Magi_rewrite\scanner.cpp(81,1): message : см. предыдущее определение "INT8_MIN"
C:\Program Files\Microsoft Visual Studio\2022\Community\VC\Tools\MSVC\14.35.32215\include\stdint.h(50,1): warning C4005: INT16_MIN: изменение макроопределения
C:\Users\dedan\source\repos\Magi_rewrite\Magi_rewrite\scanner.cpp(84,1): message : см. предыдущее определение "INT16_MIN"
C:\Program Files\Microsoft Visual Studio\2022\Community\VC\Tools\MSVC\14.35.32215\include\stdint.h(51,1): warning C4005: INT32_MIN: изменение макроопределения
C:\Users\dedan\source\repos\Magi_rewrite\Magi_rewrite\scanner.cpp(87,1): message : см. предыдущее определение "INT32_MIN"
C:\Program Files\Microsoft Visual Studio\2022\Community\VC\Tools\MSVC\14.35.32215\include\stdint.h(53,1): warning C4005: INT8_MAX: изменение макроопределения
C:\Users\dedan\source\repos\Magi_rewrite\Magi_rewrite\scanner.cpp(90,1): message : см. предыдущее определение "INT8_MAX"
C:\Program Files\Microsoft Visual Studio\2022\Community\VC\Tools\MSVC\14.35.32215\include\stdint.h(54,1): warning C4005: INT16_MAX: изменение макроопределения
C:\Users\dedan\source\repos\Magi_rewrite\Magi_rewrite\scanner.cpp(93,1): message : см. предыдущее определение "INT16_MAX"
C:\Program Files\Microsoft Visual Studio\2022\Community\VC\Tools\MSVC\14.35.32215\include\stdint.h(55,1): warning C4005: INT32_MAX: изменение макроопределения
C:\Users\dedan\source\repos\Magi_rewrite\Magi_rewrite\scanner.cpp(96,1): message : см. предыдущее определение "INT32_MAX"
C:\Program Files\Microsoft Visual Studio\2022\Community\VC\Tools\MSVC\14.35.32215\include\stdint.h(57,1): warning C4005: UINT8_MAX: изменение макроопределения
C:\Users\dedan\source\repos\Magi_rewrite\Magi_rewrite\scanner.cpp(99,1): message : см. предыдущее определение "UINT8_MAX"
C:\Program Files\Microsoft Visual Studio\2022\Community\VC\Tools\MSVC\14.35.32215\include\stdint.h(58,1): warning C4005: UINT16_MAX: изменение макроопределения
C:\Users\dedan\source\repos\Magi_rewrite\Magi_rewrite\scanner.cpp(102,1): message : см. предыдущее определение "UINT16_MAX"
C:\Program Files\Microsoft Visual Studio\2022\Community\VC\Tools\MSVC\14.35.32215\include\stdint.h(59,1): warning C4005: UINT32_MAX: изменение макроопределения
C:\Users\dedan\source\repos\Magi_rewrite\Magi_rewrite\scanner.cpp(105,1): message : см. предыдущее определение "UINT32_MAX"
C:\Users\dedan\source\repos\Magi_rewrite\Magi_rewrite\scanner.cpp(321,10): fatal  error C1083: Не удается открыть файл включение: FlexLexer.h: No such file or directory,
  wrapper.cpp
C:\Program Files\Microsoft Visual Studio\2022\Community\VC\Tools\MSVC\14.35.32215\include\filesystem(13): warning STL4038: The contents of <filesystem> are available only with C++17 or later.
C:\Program Files\Microsoft Visual Studio\2022\Community\VC\Tools\MSVC\14.35.32215\include\string_view(13): warning STL4038: The contents of <string_view> are available only with C++17 or later.
C:\Users\dedan\source\repos\Magi_rewrite\Magi_rewrite\libs\imgui\imfilebrowser.h(73,27): error C3083: filesystem: символ слева от "::" должен представлять тип
C:\Users\dedan\source\repos\Magi_rewrite\Magi_rewrite\libs\imgui\imfilebrowser.h(73,39): error C2039: "path": не является членом "std".
C:\Program Files\Microsoft Visual Studio\2022\Community\VC\Tools\MSVC\14.35.32215\include\vector(24,1): message : см. объявление "std"
C:\Users\dedan\source\repos\Magi_rewrite\Magi_rewrite\libs\imgui\imfilebrowser.h(73,43): error C4430: отсутствует спецификатор типа - предполагается int. Примечание. C++ не поддерживает int по умолчанию
C:\Users\dedan\source\repos\Magi_rewrite\Magi_rewrite\libs\imgui\imfilebrowser.h(73,43): error C2143: синтаксическая ошибка: отсутствие "," перед "&"
C:\Users\dedan\source\repos\Magi_rewrite\Magi_rewrite\libs\imgui\imfilebrowser.h(77,14): error C3083: filesystem: символ слева от "::" должен представлять тип
C:\Users\dedan\source\repos\Magi_rewrite\Magi_rewrite\libs\imgui\imfilebrowser.h(77,26): error C2039: "path": не является членом "std".
C:\Program Files\Microsoft Visual Studio\2022\Community\VC\Tools\MSVC\14.35.32215\include\vector(24,1): message : см. объявление "std"
C:\Users\dedan\source\repos\Magi_rewrite\Magi_rewrite\libs\imgui\imfilebrowser.h(77,30): error C4430: отсутствует спецификатор типа - предполагается int. Примечание. C++ не поддерживает int по умолчанию
C:\Users\dedan\source\repos\Magi_rewrite\Magi_rewrite\libs\imgui\imfilebrowser.h(77,30): error C2143: синтаксическая ошибка: отсутствие ";" перед "&"
C:\Users\dedan\source\repos\Magi_rewrite\Magi_rewrite\libs\imgui\imfilebrowser.h(77,56): error C2238: непредвиденные лексемы перед ";"
C:\Users\dedan\source\repos\Magi_rewrite\Magi_rewrite\libs\imgui\imfilebrowser.h(82,8): error C3083: filesystem: символ слева от "::" должен представлять тип
C:\Users\dedan\source\repos\Magi_rewrite\Magi_rewrite\libs\imgui\imfilebrowser.h(82,20): error C2039: "path": не является членом "std".
C:\Program Files\Microsoft Visual Studio\2022\Community\VC\Tools\MSVC\14.35.32215\include\vector(24,1): message : см. объявление "std"
C:\Users\dedan\source\repos\Magi_rewrite\Magi_rewrite\libs\imgui\imfilebrowser.h(82,25): error C3646: GetSelected: неизвестный спецификатор переопределения
C:\Users\dedan\source\repos\Magi_rewrite\Magi_rewrite\libs\imgui\imfilebrowser.h(82,36): error C2059: синтаксическая ошибка: (
C:\Users\dedan\source\repos\Magi_rewrite\Magi_rewrite\libs\imgui\imfilebrowser.h(82,45): error C2238: непредвиденные лексемы перед ";"
C:\Users\dedan\source\repos\Magi_rewrite\Magi_rewrite\libs\imgui\imfilebrowser.h(87,20): error C3083: filesystem: символ слева от "::" должен представлять тип
C:\Users\dedan\source\repos\Magi_rewrite\Magi_rewrite\libs\imgui\imfilebrowser.h(87,32): error C2039: "path": не является членом "std".
C:\Program Files\Microsoft Visual Studio\2022\Community\VC\Tools\MSVC\14.35.32215\include\vector(24,1): message : см. объявление "std"
C:\Users\dedan\source\repos\Magi_rewrite\Magi_rewrite\libs\imgui\imfilebrowser.h(87,36): error C2327: ImGui::FileBrowser::path: не является именем типа, статическим членом или перечислителем
C:\Users\dedan\source\repos\Magi_rewrite\Magi_rewrite\libs\imgui\imfilebrowser.h(87,36): error C2065: path: необъявленный идентификатор
C:\Users\dedan\source\repos\Magi_rewrite\Magi_rewrite\libs\imgui\imfilebrowser.h(87,8): error C2923: std::vector: "path" не является допустимым аргументом типа шаблон для параметра "_Ty"
C:\Users\dedan\source\repos\Magi_rewrite\Magi_rewrite\libs\imgui\imfilebrowser.h(87,36): message : см. объявление "path"
C:\Users\dedan\source\repos\Magi_rewrite\Magi_rewrite\libs\imgui\imfilebrowser.h(87,8): error C2976: std::vector: слишком мало аргументов шаблон
C:\Program Files\Microsoft Visual Studio\2022\Community\VC\Tools\MSVC\14.35.32215\include\vector(494,1): message : см. объявление "std::vector"
C:\Users\dedan\source\repos\Magi_rewrite\Magi_rewrite\libs\imgui\imfilebrowser.h(102,27): error C2039: "string_view": не является членом "std".
C:\Program Files\Microsoft Visual Studio\2022\Community\VC\Tools\MSVC\14.35.32215\include\vector(24,1): message : см. объявление "std"
C:\Users\dedan\source\repos\Magi_rewrite\Magi_rewrite\libs\imgui\imfilebrowser.h(102,39): error C2061: синтаксическая ошибка: идентификатор "string_view"
C:\Users\dedan\source\repos\Magi_rewrite\Magi_rewrite\libs\imgui\imfilebrowser.h(121,9): error C3083: filesystem: символ слева от "::" должен представлять тип
C:\Users\dedan\source\repos\Magi_rewrite\Magi_rewrite\libs\imgui\imfilebrowser.h(121,21): error C2039: "path": не является членом "std".
C:\Program Files\Microsoft Visual Studio\2022\Community\VC\Tools\MSVC\14.35.32215\include\vector(24,1): message : см. объявление "std"
C:\Users\dedan\source\repos\Magi_rewrite\Magi_rewrite\libs\imgui\imfilebrowser.h(121,26): error C3646: name: неизвестный спецификатор переопределения
C:\Users\dedan\source\repos\Magi_rewrite\Magi_rewrite\libs\imgui\imfilebrowser.h(121,30): error C4430: отсутствует спецификатор типа - предполагается int. Примечание. C++ не поддерживает int по умолчанию
C:\Users\dedan\source\repos\Magi_rewrite\Magi_rewrite\libs\imgui\imfilebrowser.h(123,9): error C3083: filesystem: символ слева от "::" должен представлять тип
C:\Users\dedan\source\repos\Magi_rewrite\Magi_rewrite\libs\imgui\imfilebrowser.h(123,21): error C2039: "path": не является членом "std".
C:\Program Files\Microsoft Visual Studio\2022\Community\VC\Tools\MSVC\14.35.32215\include\vector(24,1): message : см. объявление "std"
C:\Users\dedan\source\repos\Magi_rewrite\Magi_rewrite\libs\imgui\imfilebrowser.h(123,26): error C3646: extension: неизвестный спецификатор переопределения
C:\Users\dedan\source\repos\Magi_rewrite\Magi_rewrite\libs\imgui\imfilebrowser.h(123,35): error C4430: отсутствует спецификатор типа - предполагается int. Примечание. C++ не поддерживает int по умолчанию
C:\Users\dedan\source\repos\Magi_rewrite\Magi_rewrite\libs\imgui\imfilebrowser.h(130,36): error C3083: filesystem: символ слева от "::" должен представлять тип
C:\Users\dedan\source\repos\Magi_rewrite\Magi_rewrite\libs\imgui\imfilebrowser.h(130,48): error C2039: "path": не является членом "std".
C:\Program Files\Microsoft Visual Studio\2022\Community\VC\Tools\MSVC\14.35.32215\include\vector(24,1): message : см. объявление "std"
C:\Users\dedan\source\repos\Magi_rewrite\Magi_rewrite\libs\imgui\imfilebrowser.h(130,52): error C4430: отсутствует спецификатор типа - предполагается int. Примечание. C++ не поддерживает int по умолчанию
C:\Users\dedan\source\repos\Magi_rewrite\Magi_rewrite\libs\imgui\imfilebrowser.h(130,52): error C2143: синтаксическая ошибка: отсутствие "," перед "&"
C:\Users\dedan\source\repos\Magi_rewrite\Magi_rewrite\libs\imgui\imfilebrowser.h(132,39): error C3083: filesystem: символ слева от "::" должен представлять тип
C:\Users\dedan\source\repos\Magi_rewrite\Magi_rewrite\libs\imgui\imfilebrowser.h(132,51): error C2039: "path": не является членом "std".
C:\Program Files\Microsoft Visual Studio\2022\Community\VC\Tools\MSVC\14.35.32215\include\vector(24,1): message : см. объявление "std"
C:\Users\dedan\source\repos\Magi_rewrite\Magi_rewrite\libs\imgui\imfilebrowser.h(132,55): error C4430: отсутствует спецификатор типа - предполагается int. Примечание. C++ не поддерживает int по умолчанию
C:\Users\dedan\source\repos\Magi_rewrite\Magi_rewrite\libs\imgui\imfilebrowser.h(132,55): error C2143: синтаксическая ошибка: отсутствие "," перед "&"
C:\Users\dedan\source\repos\Magi_rewrite\Magi_rewrite\libs\imgui\imfilebrowser.h(168,8): error C3083: filesystem: символ слева от "::" должен представлять тип
C:\Users\dedan\source\repos\Magi_rewrite\Magi_rewrite\libs\imgui\imfilebrowser.h(168,20): error C2039: "path": не является членом "std".
C:\Program Files\Microsoft Visual Studio\2022\Community\VC\Tools\MSVC\14.35.32215\include\vector(24,1): message : см. объявление "std"
C:\Users\dedan\source\repos\Magi_rewrite\Magi_rewrite\libs\imgui\imfilebrowser.h(168,25): error C3646: pwd_: неизвестный спецификатор переопределения
C:\Users\dedan\source\repos\Magi_rewrite\Magi_rewrite\libs\imgui\imfilebrowser.h(168,29): error C4430: отсутствует спецификатор типа - предполагается int. Примечание. C++ не поддерживает int по умолчанию
C:\Users\dedan\source\repos\Magi_rewrite\Magi_rewrite\libs\imgui\imfilebrowser.h(169,17): error C3083: filesystem: символ слева от "::" должен представлять тип
C:\Users\dedan\source\repos\Magi_rewrite\Magi_rewrite\libs\imgui\imfilebrowser.h(169,29): error C2039: "path": не является членом "std".
C:\Program Files\Microsoft Visual Studio\2022\Community\VC\Tools\MSVC\14.35.32215\include\vector(24,1): message : см. объявление "std"
C:\Users\dedan\source\repos\Magi_rewrite\Magi_rewrite\libs\imgui\imfilebrowser.h(169,33): error C2327: ImGui::FileBrowser::path: не является именем типа, статическим членом или перечислителем
C:\Users\dedan\source\repos\Magi_rewrite\Magi_rewrite\libs\imgui\imfilebrowser.h(169,33): error C2065: path: необъявленный идентификатор
C:\Users\dedan\source\repos\Magi_rewrite\Magi_rewrite\libs\imgui\imfilebrowser.h(169,8): error C2923: std::set: "path" не является допустимым аргументом типа шаблон для параметра "_Kty"
C:\Users\dedan\source\repos\Magi_rewrite\Magi_rewrite\libs\imgui\imfilebrowser.h(169,33): message : см. объявление "path"
C:\Users\dedan\source\repos\Magi_rewrite\Magi_rewrite\libs\imgui\imfilebrowser.h(169,8): error C2976: std::set: слишком мало аргументов шаблон
C:\Program Files\Microsoft Visual Studio\2022\Community\VC\Tools\MSVC\14.35.32215\include\set(52,1): message : см. объявление "std::set"
C:\Users\dedan\source\repos\Magi_rewrite\Magi_rewrite\libs\imgui\imfilebrowser.h(190,1): error C2789: "ImGui::FileBrowser::path": требуется инициализация объекта типа класса, квалифицированного как const
C:\Users\dedan\source\repos\Magi_rewrite\Magi_rewrite\libs\imgui\imfilebrowser.h(77,30): message : см. объявление "ImGui::FileBrowser::path"
C:\Users\dedan\source\repos\Magi_rewrite\Magi_rewrite\libs\imgui\imfilebrowser.h(190,1): error C2512: std::set: нет подходящего конструктора по умолчанию
C:\Program Files\Microsoft Visual Studio\2022\Community\VC\Tools\MSVC\14.35.32215\include\set(52,1): message : см. объявление "std::set"
C:\Users\dedan\source\repos\Magi_rewrite\Magi_rewrite\libs\imgui\imfilebrowser.h(200,15): error C3083: filesystem: символ слева от "::" должен представлять тип
C:\Users\dedan\source\repos\Magi_rewrite\Magi_rewrite\libs\imgui\imfilebrowser.h(200,27): error C2039: "current_path": не является членом "std".
C:\Program Files\Microsoft Visual Studio\2022\Community\VC\Tools\MSVC\14.35.32215\include\vector(24,1): message : см. объявление "std"
C:\Users\dedan\source\repos\Magi_rewrite\Magi_rewrite\libs\imgui\imfilebrowser.h(200,39): error C3861: current_path: идентификатор не найден
C:\Users\dedan\source\repos\Magi_rewrite\Magi_rewrite\libs\imgui\imfilebrowser.h(241,2): error C2065: pwd_: необъявленный идентификатор
C:\Users\dedan\source\repos\Magi_rewrite\Magi_rewrite\libs\imgui\imfilebrowser.h(241,18): error C2039: "pwd_": не является членом "ImGui::FileBrowser".
C:\Users\dedan\source\repos\Magi_rewrite\Magi_rewrite\libs\imgui\imfilebrowser.h(35,8): message : см. объявление "ImGui::FileBrowser"
C:\Users\dedan\source\repos\Magi_rewrite\Magi_rewrite\libs\imgui\imfilebrowser.h(242,2): error C2678: бинарный "=": не найден оператор, принимающий левый операнд типа "std::set" (или приемлемое преобразование отсутствует)
C:\Program Files\Microsoft Visual Studio\2022\Community\VC\Tools\MSVC\14.35.32215\include\set(171,10): message : может быть "std::set<_Kty,_Pr,_Alloc> &std::set<_Kty,_Pr,_Alloc>::operator =(std::initializer_list<_Traits::value_type>)"
C:\Program Files\Microsoft Visual Studio\2022\Community\VC\Tools\MSVC\14.35.32215\include\set(145,10): message : или       "std::set<_Kty,_Pr,_Alloc> &std::set<_Kty,_Pr,_Alloc>::operator =(std::set<_Kty,_Pr,_Alloc> &&) noexcept(<expr>)"
C:\Program Files\Microsoft Visual Studio\2022\Community\VC\Tools\MSVC\14.35.32215\include\set(136,10): message : или       "std::set<_Kty,_Pr,_Alloc> &std::set<_Kty,_Pr,_Alloc>::operator =(const std::set<_Kty,_Pr,_Alloc> &)"
C:\Users\dedan\source\repos\Magi_rewrite\Magi_rewrite\libs\imgui\imfilebrowser.h(242,2): message : при попытке сопоставить список аргументов "(std::set, const std::set)"
C:\Users\dedan\source\repos\Magi_rewrite\Magi_rewrite\libs\imgui\imfilebrowser.h(242,21): error C2582: функция "operator =" недоступна в "std::set"
C:\Users\dedan\source\repos\Magi_rewrite\Magi_rewrite\libs\imgui\imfilebrowser.h(319,4): error C2514: "ImGui::FileBrowser::ScopeGuard": невозможно создать шаблон класса.
C:\Users\dedan\source\repos\Magi_rewrite\Magi_rewrite\libs\imgui\imfilebrowser.h(108,1): message : см. объявление "ImGui::FileBrowser::ScopeGuard"
C:\Users\dedan\source\repos\Magi_rewrite\Magi_rewrite\libs\imgui\imfilebrowser.h(352,43): error C2514: "ImGui::FileBrowser::ScopeGuard": невозможно создать шаблон класса.
C:\Users\dedan\source\repos\Magi_rewrite\Magi_rewrite\libs\imgui\imfilebrowser.h(108,1): message : см. объявление "ImGui::FileBrowser::ScopeGuard"
C:\Users\dedan\source\repos\Magi_rewrite\Magi_rewrite\libs\imgui\imfilebrowser.h(359,43): error C2065: pwd_: необъявленный идентификатор
C:\Users\dedan\source\repos\Magi_rewrite\Magi_rewrite\libs\imgui\imfilebrowser.h(365,42): error C2514: "ImGui::FileBrowser::ScopeGuard": невозможно создать шаблон класса.
C:\Users\dedan\source\repos\Magi_rewrite\Magi_rewrite\libs\imgui\imfilebrowser.h(108,1): message : см. объявление "ImGui::FileBrowser::ScopeGuard"
C:\Users\dedan\source\repos\Magi_rewrite\Magi_rewrite\libs\imgui\imfilebrowser.h(381,5): error C2664: "bool ImGui::FileBrowser::SetPwd(const int)": невозможно преобразовать аргумент 1 из "char [4]" в "const int"
C:\Users\dedan\source\repos\Magi_rewrite\Magi_rewrite\libs\imgui\imfilebrowser.h(381,13): message : Не существует контекста, в котором такое преобразование возможно
C:\Users\dedan\source\repos\Magi_rewrite\Magi_rewrite\libs\imgui\imfilebrowser.h(73,8): message : см. объявление "ImGui::FileBrowser::SetPwd"
C:\Users\dedan\source\repos\Magi_rewrite\Magi_rewrite\libs\imgui\imfilebrowser.h(381,5): message : при попытке сопоставить список аргументов "(char [4])"
C:\Users\dedan\source\repos\Magi_rewrite\Magi_rewrite\libs\imgui\imfilebrowser.h(391,26): error C2065: pwd_: необъявленный идентификатор
C:\Users\dedan\source\repos\Magi_rewrite\Magi_rewrite\libs\imgui\imfilebrowser.h(391,2): error C2530: sec: ссылки должны быть инициализированы
C:\Users\dedan\source\repos\Magi_rewrite\Magi_rewrite\libs\imgui\imfilebrowser.h(391,2): error C3531: sec: символ, тип которого содержит спецификатор 'auto' должен иметь инициализатор
C:\Users\dedan\source\repos\Magi_rewrite\Magi_rewrite\libs\imgui\imfilebrowser.h(391,24): error C2143: синтаксическая ошибка: отсутствие ";" перед ":"
C:\Users\dedan\source\repos\Magi_rewrite\Magi_rewrite\libs\imgui\imfilebrowser.h(391,31): error C2143: синтаксическая ошибка: отсутствие ";" перед ")"
C:\Users\dedan\source\repos\Magi_rewrite\Magi_rewrite\libs\imgui\imfilebrowser.h(418,8): error C3083: filesystem: символ слева от "::" должен представлять тип
C:\Users\dedan\source\repos\Magi_rewrite\Magi_rewrite\libs\imgui\imfilebrowser.h(418,20): error C2039: "path": не является членом "std".
C:\Program Files\Microsoft Visual Studio\2022\Community\VC\Tools\MSVC\14.35.32215\include\vector(24,1): message : см. объявление "std"
C:\Users\dedan\source\repos\Magi_rewrite\Magi_rewrite\libs\imgui\imfilebrowser.h(418,25): error C2146: синтаксическая ошибка: отсутствие ";" перед идентификатором "newPwd"
C:\Users\dedan\source\repos\Magi_rewrite\Magi_rewrite\libs\imgui\imfilebrowser.h(418,25): error C2065: newPwd: необъявленный идентификатор
C:\Users\dedan\source\repos\Magi_rewrite\Magi_rewrite\libs\imgui\imfilebrowser.h(419,27): error C2065: pwd_: необъявленный идентификатор
C:\Users\dedan\source\repos\Magi_rewrite\Magi_rewrite\libs\imgui\imfilebrowser.h(419,3): error C2530: sec: ссылки должны быть инициализированы
C:\Users\dedan\source\repos\Magi_rewrite\Magi_rewrite\libs\imgui\imfilebrowser.h(419,3): error C3531: sec: символ, тип которого содержит спецификатор 'auto' должен иметь инициализатор
C:\Users\dedan\source\repos\Magi_rewrite\Magi_rewrite\libs\imgui\imfilebrowser.h(419,25): error C2143: синтаксическая ошибка: отсутствие ";" перед ":"
C:\Users\dedan\source\repos\Magi_rewrite\Magi_rewrite\libs\imgui\imfilebrowser.h(419,32): error C2143: синтаксическая ошибка: отсутствие ";" перед ")"
C:\Users\dedan\source\repos\Magi_rewrite\Magi_rewrite\libs\imgui\imfilebrowser.h(425,4): error C2065: newPwd: необъявленный идентификатор
C:\Users\dedan\source\repos\Magi_rewrite\Magi_rewrite\libs\imgui\imfilebrowser.h(431,4): error C2065: newPwd: необъявленный идентификатор
C:\Users\dedan\source\repos\Magi_rewrite\Magi_rewrite\libs\imgui\imfilebrowser.h(435,11): error C2065: newPwd: необъявленный идентификатор
C:\Users\dedan\source\repos\Magi_rewrite\Magi_rewrite\libs\imgui\imfilebrowser.h(444,17): error C3083: filesystem: символ слева от "::" должен представлять тип
C:\Users\dedan\source\repos\Magi_rewrite\Magi_rewrite\libs\imgui\imfilebrowser.h(444,29): error C2039: "path": не является членом "std".
C:\Program Files\Microsoft Visual Studio\2022\Community\VC\Tools\MSVC\14.35.32215\include\vector(24,1): message : см. объявление "std"
C:\Users\dedan\source\repos\Magi_rewrite\Magi_rewrite\libs\imgui\imfilebrowser.h(444,8): error C2974: "std::set": недопустимый аргумент шаблон для "_Kty", ожидается тип
C:\Program Files\Microsoft Visual Studio\2022\Community\VC\Tools\MSVC\14.35.32215\include\set(52,1): message : см. объявление "std::set"
C:\Users\dedan\source\repos\Magi_rewrite\Magi_rewrite\libs\imgui\imfilebrowser.h(444,8): error C2976: std::set: слишком мало аргументов шаблон
C:\Program Files\Microsoft Visual Studio\2022\Community\VC\Tools\MSVC\14.35.32215\include\set(52,1): message : см. объявление "std::set"
C:\Users\dedan\source\repos\Magi_rewrite\Magi_rewrite\libs\imgui\imfilebrowser.h(444,35): error C2133: newSelectedFilenames: неизвестный размер
C:\Users\dedan\source\repos\Magi_rewrite\Magi_rewrite\libs\imgui\imfilebrowser.h(444,35): error C2512: std::set: нет подходящего конструктора по умолчанию
C:\Program Files\Microsoft Visual Studio\2022\Community\VC\Tools\MSVC\14.35.32215\include\set(52,1): message : см. объявление "std::set"
C:\Users\dedan\source\repos\Magi_rewrite\Magi_rewrite\libs\imgui\imfilebrowser.h(445,22): error C2663: "std::_Tree<_Traits>::_Unchecked_begin": нет перегруженной функции с допустимым преобразованием для указателя "this"
C:\Program Files\Microsoft Visual Studio\2022\Community\VC\Tools\MSVC\14.35.32215\include\xtree(1144,25): message : может быть "conditional<std::_Tree<_Traits>::_Is_set,std::_Tree_unchecked_const_iterator<std::_Tree_val<conditional<std::_Is_simple_alloc_v<allocator_traits<_Traits::allocator_type>::rebind_alloc<std::_Tree_node<_Traits::value_type,allocator_traits<allocator_traits<_Traits::allocator_type>::rebind_alloc<_Traits::value_type>>::void_pointer>>>,std::_Tree_simple_types<_Traits::value_type>,std::_Tree_iter_types<_Traits::value_type,allocator_traits<allocator_traits<_Traits::allocator_type>::rebind_alloc<_Traits::value_type>>::size_type,allocator_traits<allocator_traits<_Traits::allocator_type>::rebind_alloc<_Traits::value_type>>::difference_type,allocator_traits<allocator_traits<_Traits::allocator_type>::rebind_alloc<_Traits::value_type>>::pointer,allocator_traits<allocator_traits<_Traits::allocator_type>::rebind_alloc<_Traits::value_type>>::const_pointer,_Traits::value_type&,const _Traits::value_type&,allocator_traits<allocator_traits<_Traits::allocator_type>::rebind_alloc<std::_Tree_node<_Traits::value_type,allocator_traits<allocator_traits<_Traits::allocator_type>::rebind_alloc<_Traits::value_type>>::void_pointer>>>::pointer>>::type>,std::_Iterator_base0>,std::_Tree_unchecked_iterator<std::_Tree_val<conditional<std::_Is_simple_alloc_v<allocator_traits<_Traits::allocator_type>::rebind_alloc<std::_Tree_node<_Traits::value_type,allocator_traits<allocator_traits<_Traits::allocator_type>::rebind_alloc<_Traits::value_type>>::void_pointer>>>,std::_Tree_simple_types<_Traits::value_type>,std::_Tree_iter_types<_Traits::value_type,allocator_traits<allocator_traits<_Traits::allocator_type>::rebind_alloc<_Traits::value_type>>::size_type,allocator_traits<allocator_traits<_Traits::allocator_type>::rebind_alloc<_Traits::value_type>>::difference_type,allocator_traits<allocator_traits<_Traits::allocator_type>::rebind_alloc<_Traits::value_type>>::pointer,allocator_traits<allocator_traits<_Traits::allocator_type>::rebind_alloc<_Traits::value_type>>::const_pointer,_Traits::value_type&,const _Traits::value_type&,allocator_traits<allocator_traits<_Traits::allocator_type>::rebind_alloc<std::_Tree_node<_Traits::value_type,allocator_traits<allocator_traits<_Traits::allocator_type>::rebind_alloc<_Traits::value_type>>::void_pointer>>>::pointer>>::type>>>::type std::_Tree<_Traits>::_Unchecked_begin(void) noexcept"
C:\Users\dedan\source\repos\Magi_rewrite\Magi_rewrite\libs\imgui\imfilebrowser.h(445,22): message : conditional<std::_Tree<_Traits>::_Is_set,std::_Tree_unchecked_const_iterator<std::_Tree_val<conditional<std::_Is_simple_alloc_v<allocator_traits<_Traits::allocator_type>::rebind_alloc<std::_Tree_node<_Traits::value_type,allocator_traits<allocator_traits<_Traits::allocator_type>::rebind_alloc<_Traits::value_type>>::void_pointer>>>,std::_Tree_simple_types<_Traits::value_type>,std::_Tree_iter_types<_Traits::value_type,allocator_traits<allocator_traits<_Traits::allocator_type>::rebind_alloc<_Traits::value_type>>::size_type,allocator_traits<allocator_traits<_Traits::allocator_type>::rebind_alloc<_Traits::value_type>>::difference_type,allocator_traits<allocator_traits<_Traits::allocator_type>::rebind_alloc<_Traits::value_type>>::pointer,allocator_traits<allocator_traits<_Traits::allocator_type>::rebind_alloc<_Traits::value_type>>::const_pointer,_Traits::value_type&,const _Traits::value_type&,allocator_traits<allocator_traits<_Traits::allocator_type>::rebind_alloc<std::_Tree_node<_Traits::value_type,allocator_traits<allocator_traits<_Traits::allocator_type>::rebind_alloc<_Traits::value_type>>::void_pointer>>>::pointer>>::type>,std::_Iterator_base0>,std::_Tree_unchecked_iterator<std::_Tree_val<conditional<std::_Is_simple_alloc_v<allocator_traits<_Traits::allocator_type>::rebind_alloc<std::_Tree_node<_Traits::value_type,allocator_traits<allocator_traits<_Traits::allocator_type>::rebind_alloc<_Traits::value_type>>::void_pointer>>>,std::_Tree_simple_types<_Traits::value_type>,std::_Tree_iter_types<_Traits::value_type,allocator_traits<allocator_traits<_Traits::allocator_type>::rebind_alloc<_Traits::value_type>>::size_type,allocator_traits<allocator_traits<_Traits::allocator_type>::rebind_alloc<_Traits::value_type>>::difference_type,allocator_traits<allocator_traits<_Traits::allocator_type>::rebind_alloc<_Traits::value_type>>::pointer,allocator_traits<allocator_traits<_Traits::allocator_type>::rebind_alloc<_Traits::value_type>>::const_pointer,_Traits::value_type&,const _Traits::value_type&,allocator_traits<allocator_traits<_Traits::allocator_type>::rebind_alloc<std::_Tree_node<_Traits::value_type,allocator_traits<allocator_traits<_Traits::allocator_type>::rebind_alloc<_Traits::value_type>>::void_pointer>>>::pointer>>::type>>>::type std::_Tree<_Traits>::_Unchecked_begin(void) noexcept: невозможно преобразовать указатель "this" из "std::set" в "std::set<_Kty,_Pr,_Alloc> &"
C:\Users\dedan\source\repos\Magi_rewrite\Magi_rewrite\libs\imgui\imfilebrowser.h(445,22): message : Причина: невозможно преобразовать "std::set" в "std::set<_Kty,_Pr,_Alloc>"
C:\Users\dedan\source\repos\Magi_rewrite\Magi_rewrite\libs\imgui\imfilebrowser.h(445,22): message : Для преобразования требуется второй оператор пользовательского преобразования или конструктор
C:\Program Files\Microsoft Visual Studio\2022\Community\VC\Tools\MSVC\14.35.32215\include\xtree(1148,31): message : или       "std::_Tree_unchecked_const_iterator<std::_Tree_val<conditional<std::_Is_simple_alloc_v<allocator_traits<_Traits::allocator_type>::rebind_alloc<std::_Tree_node<_Traits::value_type,allocator_traits<allocator_traits<_Traits::allocator_type>::rebind_alloc<_Traits::value_type>>::void_pointer>>>,std::_Tree_simple_types<_Traits::value_type>,std::_Tree_iter_types<_Traits::value_type,allocator_traits<allocator_traits<_Traits::allocator_type>::rebind_alloc<_Traits::value_type>>::size_type,allocator_traits<allocator_traits<_Traits::allocator_type>::rebind_alloc<_Traits::value_type>>::difference_type,allocator_traits<allocator_traits<_Traits::allocator_type>::rebind_alloc<_Traits::value_type>>::pointer,allocator_traits<allocator_traits<_Traits::allocator_type>::rebind_alloc<_Traits::value_type>>::const_pointer,_Traits::value_type&,const _Traits::value_type&,allocator_traits<allocator_traits<_Traits::allocator_type>::rebind_alloc<std::_Tree_node<_Traits::value_type,allocator_traits<allocator_traits<_Traits::allocator_type>::rebind_alloc<_Traits::value_type>>::void_pointer>>>::pointer>>::type>,std::_Iterator_base0> std::_Tree<_Traits>::_Unchecked_begin(void) noexcept const"
C:\Users\dedan\source\repos\Magi_rewrite\Magi_rewrite\libs\imgui\imfilebrowser.h(445,22): message : std::_Tree_unchecked_const_iterator<std::_Tree_val<conditional<std::_Is_simple_alloc_v<allocator_traits<_Traits::allocator_type>::rebind_alloc<std::_Tree_node<_Traits::value_type,allocator_traits<allocator_traits<_Traits::allocator_type>::rebind_alloc<_Traits::value_type>>::void_pointer>>>,std::_Tree_simple_types<_Traits::value_type>,std::_Tree_iter_types<_Traits::value_type,allocator_traits<allocator_traits<_Traits::allocator_type>::rebind_alloc<_Traits::value_type>>::size_type,allocator_traits<allocator_traits<_Traits::allocator_type>::rebind_alloc<_Traits::value_type>>::difference_type,allocator_traits<allocator_traits<_Traits::allocator_type>::rebind_alloc<_Traits::value_type>>::pointer,allocator_traits<allocator_traits<_Traits::allocator_type>::rebind_alloc<_Traits::value_type>>::const_pointer,_Traits::value_type&,const _Traits::value_type&,allocator_traits<allocator_traits<_Traits::allocator_type>::rebind_alloc<std::_Tree_node<_Traits::value_type,allocator_traits<allocator_traits<_Traits::allocator_type>::rebind_alloc<_Traits::value_type>>::void_pointer>>>::pointer>>::type>,std::_Iterator_base0> std::_Tree<_Traits>::_Unchecked_begin(void) noexcept const: невозможно преобразовать указатель "this" из "std::set" в "const std::set<_Kty,_Pr,_Alloc> &"
C:\Users\dedan\source\repos\Magi_rewrite\Magi_rewrite\libs\imgui\imfilebrowser.h(445,22): message : Причина: невозможно преобразовать "std::set" в "const std::set<_Kty,_Pr,_Alloc>"
C:\Users\dedan\source\repos\Magi_rewrite\Magi_rewrite\libs\imgui\imfilebrowser.h(445,22): message : Для преобразования требуется второй оператор пользовательского преобразования или конструктор
C:\Users\dedan\source\repos\Magi_rewrite\Magi_rewrite\libs\imgui\imfilebrowser.h(445,22): message : при попытке сопоставить список аргументов "()"
C:\Users\dedan\source\repos\Magi_rewrite\Magi_rewrite\libs\imgui\imfilebrowser.h(445,22): error C2662: std::_Default_sentinel std::_Tree<_Traits>::_Unchecked_end(void) noexcept const: невозможно преобразовать указатель "this" из "std::set" в "const std::set<_Kty,_Pr,_Alloc> &"
C:\Users\dedan\source\repos\Magi_rewrite\Magi_rewrite\libs\imgui\imfilebrowser.h(445,22): message : Причина: невозможно преобразовать "std::set" в "const std::set<_Kty,_Pr,_Alloc>"
C:\Users\dedan\source\repos\Magi_rewrite\Magi_rewrite\libs\imgui\imfilebrowser.h(445,22): message : Для преобразования требуется второй оператор пользовательского преобразования или конструктор
C:\Program Files\Microsoft Visual Studio\2022\Community\VC\Tools\MSVC\14.35.32215\include\xtree(1152,23): message : см. объявление "std::_Tree<_Traits>::_Unchecked_end"
C:\Users\dedan\source\repos\Magi_rewrite\Magi_rewrite\libs\imgui\imfilebrowser.h(445,22): message : при попытке сопоставить список аргументов "()"
C:\Users\dedan\source\repos\Magi_rewrite\Magi_rewrite\libs\imgui\imfilebrowser.h(446,3): error C3536: <begin>$L0: не может использоваться до инициализации
C:\Users\dedan\source\repos\Magi_rewrite\Magi_rewrite\libs\imgui\imfilebrowser.h(446,3): error C3536: <end>$L0: не может использоваться до инициализации
C:\Users\dedan\source\repos\Magi_rewrite\Magi_rewrite\libs\imgui\imfilebrowser.h(445,41): error C2100: недопустимое косвенное обращение
C:\Users\dedan\source\repos\Magi_rewrite\Magi_rewrite\libs\imgui\imfilebrowser.h(451,27): error C2039: "name": не является членом "ImGui::FileBrowser::FileRecord".
C:\Users\dedan\source\repos\Magi_rewrite\Magi_rewrite\libs\imgui\imfilebrowser.h(118,10): message : см. объявление "ImGui::FileBrowser::FileRecord"
C:\Users\dedan\source\repos\Magi_rewrite\Magi_rewrite\libs\imgui\imfilebrowser.h(456,25): error C2663: "std::_Tree<_Traits>::insert": нет перегруженной функции с допустимым преобразованием для указателя "this"
C:\Program Files\Microsoft Visual Studio\2022\Community\VC\Tools\MSVC\14.35.32215\include\xtree(1278,10): message : может быть "void std::_Tree<_Traits>::insert(std::initializer_list<_Traits::value_type>)"
C:\Users\dedan\source\repos\Magi_rewrite\Magi_rewrite\libs\imgui\imfilebrowser.h(456,25): message : void std::_Tree<_Traits>::insert(std::initializer_list<_Traits::value_type>): невозможно преобразовать указатель "this" из "std::set" в "std::_Tree<_Traits> &"
C:\Users\dedan\source\repos\Magi_rewrite\Magi_rewrite\libs\imgui\imfilebrowser.h(456,5): message : Причина: невозможно преобразовать "std::set" в "std::_Tree<_Traits>"
C:\Users\dedan\source\repos\Magi_rewrite\Magi_rewrite\libs\imgui\imfilebrowser.h(456,5): message : Для преобразования требуется второй оператор пользовательского преобразования или конструктор
C:\Program Files\Microsoft Visual Studio\2022\Community\VC\Tools\MSVC\14.35.32215\include\xtree(1266,10): message : или       "void std::_Tree<_Traits>::insert(_Iter,_Iter)"
C:\Users\dedan\source\repos\Magi_rewrite\Magi_rewrite\libs\imgui\imfilebrowser.h(456,25): message : "void std::_Tree<_Traits>::insert(_Iter,_Iter)": ожидаются аргументы 2 — 1 предоставлены
C:\Program Files\Microsoft Visual Studio\2022\Community\VC\Tools\MSVC\14.35.32215\include\xtree(1235,14): message : или       "conditional<std::_Tree<_Traits>::_Is_set,std::_Tree_const_iterator<std::_Tree_val<conditional<std::_Is_simple_alloc_v<allocator_traits<_Traits::allocator_type>::rebind_alloc<std::_Tree_node<_Traits::value_type,allocator_traits<allocator_traits<_Traits::allocator_type>::rebind_alloc<_Traits::value_type>>::void_pointer>>>,std::_Tree_simple_types<_Traits::value_type>,std::_Tree_iter_types<_Traits::value_type,allocator_traits<allocator_traits<_Traits::allocator_type>::rebind_alloc<_Traits::value_type>>::size_type,allocator_traits<allocator_traits<_Traits::allocator_type>::rebind_alloc<_Traits::value_type>>::difference_type,allocator_traits<allocator_traits<_Traits::allocator_type>::rebind_alloc<_Traits::value_type>>::pointer,allocator_traits<allocator_traits<_Traits::allocator_type>::rebind_alloc<_Traits::value_type>>::const_pointer,_Traits::value_type&,const _Traits::value_type&,allocator_traits<allocator_traits<_Traits::allocator_type>::rebind_alloc<std::_Tree_node<_Traits::value_type,allocator_traits<allocator_traits<_Traits::allocator_type>::rebind_alloc<_Traits::value_type>>::void_pointer>>>::pointer>>::type>>,std::_Tree_iterator<std::_Tree_val<conditional<std::_Is_simple_alloc_v<allocator_traits<_Traits::allocator_type>::rebind_alloc<std::_Tree_node<_Traits::value_type,allocator_traits<allocator_traits<_Traits::allocator_type>::rebind_alloc<_Traits::value_type>>::void_pointer>>>,std::_Tree_simple_types<_Traits::value_type>,std::_Tree_iter_types<_Traits::value_type,allocator_traits<allocator_traits<_Traits::allocator_type>::rebind_alloc<_Traits::value_type>>::size_type,allocator_traits<allocator_traits<_Traits::allocator_type>::rebind_alloc<_Traits::value_type>>::difference_type,allocator_traits<allocator_traits<_Traits::allocator_type>::rebind_alloc<_Traits::value_type>>::pointer,allocator_traits<allocator_traits<_Traits::allocator_type>::rebind_alloc<_Traits::value_type>>::const_pointer,_Traits::value_type&,const _Traits::value_type&,allocator_traits<allocator_traits<_Traits::allocator_type>::rebind_alloc<std::_Tree_node<_Traits::value_type,allocator_traits<allocator_traits<_Traits::allocator_type>::rebind_alloc<_Traits::value_type>>::void_pointer>>>::pointer>>::type>>>::type std::_Tree<_Traits>::insert(_Traits::value_type &&)"
C:\Users\dedan\source\repos\Magi_rewrite\Magi_rewrite\libs\imgui\imfilebrowser.h(456,39): message : "conditional<std::_Tree<_Traits>::_Is_set,std::_Tree_const_iterator<std::_Tree_val<conditional<std::_Is_simple_alloc_v<allocator_traits<_Traits::allocator_type>::rebind_alloc<std::_Tree_node<_Traits::value_type,allocator_traits<allocator_traits<_Traits::allocator_type>::rebind_alloc<_Traits::value_type>>::void_pointer>>>,std::_Tree_simple_types<_Traits::value_type>,std::_Tree_iter_types<_Traits::value_type,allocator_traits<allocator_traits<_Traits::allocator_type>::rebind_alloc<_Traits::value_type>>::size_type,allocator_traits<allocator_traits<_Traits::allocator_type>::rebind_alloc<_Traits::value_type>>::difference_type,allocator_traits<allocator_traits<_Traits::allocator_type>::rebind_alloc<_Traits::value_type>>::pointer,allocator_traits<allocator_traits<_Traits::allocator_type>::rebind_alloc<_Traits::value_type>>::const_pointer,_Traits::value_type&,const _Traits::value_type&,allocator_traits<allocator_traits<_Traits::allocator_type>::rebind_alloc<std::_Tree_node<_Traits::value_type,allocator_traits<allocator_traits<_Traits::allocator_type>::rebind_alloc<_Traits::value_type>>::void_pointer>>>::pointer>>::type>>,std::_Tree_iterator<std::_Tree_val<conditional<std::_Is_simple_alloc_v<allocator_traits<_Traits::allocator_type>::rebind_alloc<std::_Tree_node<_Traits::value_type,allocator_traits<allocator_traits<_Traits::allocator_type>::rebind_alloc<_Traits::value_type>>::void_pointer>>>,std::_Tree_simple_types<_Traits::value_type>,std::_Tree_iter_types<_Traits::value_type,allocator_traits<allocator_traits<_Traits::allocator_type>::rebind_alloc<_Traits::value_type>>::size_type,allocator_traits<allocator_traits<_Traits::allocator_type>::rebind_alloc<_Traits::value_type>>::difference_type,allocator_traits<allocator_traits<_Traits::allocator_type>::rebind_alloc<_Traits::value_type>>::pointer,allocator_traits<allocator_traits<_Traits::allocator_type>::rebind_alloc<_Traits::value_type>>::const_pointer,_Traits::value_type&,const _Traits::value_type&,allocator_traits<allocator_traits<_Traits::allocator_type>::rebind_alloc<std::_Tree_node<_Traits::value_type,allocator_traits<allocator_traits<_Traits::allocator_type>::rebind_alloc<_Traits::value_type>>::void_pointer>>>::pointer>>::type>>>::type std::_Tree<_Traits>::insert(_Traits::value_type &&)": не удается вывести аргумент шаблон для "__formal"
C:\Program Files\Microsoft Visual Studio\2022\Community\VC\Tools\MSVC\14.35.32215\include\xtree(1229,26): message : или       "std::pair<conditional<std::_Tree<_Traits>::_Is_set,std::_Tree_const_iterator<std::_Tree_val<conditional<std::_Is_simple_alloc_v<allocator_traits<_Traits::allocator_type>::rebind_alloc<std::_Tree_node<_Traits::value_type,allocator_traits<allocator_traits<_Traits::allocator_type>::rebind_alloc<_Traits::value_type>>::void_pointer>>>,std::_Tree_simple_types<_Traits::value_type>,std::_Tree_iter_types<_Traits::value_type,allocator_traits<allocator_traits<_Traits::allocator_type>::rebind_alloc<_Traits::value_type>>::size_type,allocator_traits<allocator_traits<_Traits::allocator_type>::rebind_alloc<_Traits::value_type>>::difference_type,allocator_traits<allocator_traits<_Traits::allocator_type>::rebind_alloc<_Traits::value_type>>::pointer,allocator_traits<allocator_traits<_Traits::allocator_type>::rebind_alloc<_Traits::value_type>>::const_pointer,_Traits::value_type&,const _Traits::value_type&,allocator_traits<allocator_traits<_Traits::allocator_type>::rebind_alloc<std::_Tree_node<_Traits::value_type,allocator_traits<allocator_traits<_Traits::allocator_type>::rebind_alloc<_Traits::value_type>>::void_pointer>>>::pointer>>::type>>,std::_Tree_iterator<std::_Tree_val<conditional<std::_Is_simple_alloc_v<allocator_traits<_Traits::allocator_type>::rebind_alloc<std::_Tree_node<_Traits::value_type,allocator_traits<allocator_traits<_Traits::allocator_type>::rebind_alloc<_Traits::value_type>>::void_pointer>>>,std::_Tree_simple_types<_Traits::value_type>,std::_Tree_iter_types<_Traits::value_type,allocator_traits<allocator_traits<_Traits::allocator_type>::rebind_alloc<_Traits::value_type>>::size_type,allocator_traits<allocator_traits<_Traits::allocator_type>::rebind_alloc<_Traits::value_type>>::difference_type,allocator_traits<allocator_traits<_Traits::allocator_type>::rebind_alloc<_Traits::value_type>>::pointer,allocator_traits<allocator_traits<_Traits::allocator_type>::rebind_alloc<_Traits::value_type>>::const_pointer,_Traits::value_type&,const _Traits::value_type&,allocator_traits<allocator_traits<_Traits::allocator_type>::rebind_alloc<std::_Tree_node<_Traits::value_type,allocator_traits<allocator_traits<_Traits::allocator_type>::rebind_alloc<_Traits::value_type>>::void_pointer>>>::pointer>>::type>>>::type,bool> std::_Tree<_Traits>::insert(_Traits::value_type &&)"
C:\Users\dedan\source\repos\Magi_rewrite\Magi_rewrite\libs\imgui\imfilebrowser.h(456,39): message : "std::pair<conditional<std::_Tree<_Traits>::_Is_set,std::_Tree_const_iterator<std::_Tree_val<conditional<std::_Is_simple_alloc_v<allocator_traits<_Traits::allocator_type>::rebind_alloc<std::_Tree_node<_Traits::value_type,allocator_traits<allocator_traits<_Traits::allocator_type>::rebind_alloc<_Traits::value_type>>::void_pointer>>>,std::_Tree_simple_types<_Traits::value_type>,std::_Tree_iter_types<_Traits::value_type,allocator_traits<allocator_traits<_Traits::allocator_type>::rebind_alloc<_Traits::value_type>>::size_type,allocator_traits<allocator_traits<_Traits::allocator_type>::rebind_alloc<_Traits::value_type>>::difference_type,allocator_traits<allocator_traits<_Traits::allocator_type>::rebind_alloc<_Traits::value_type>>::pointer,allocator_traits<allocator_traits<_Traits::allocator_type>::rebind_alloc<_Traits::value_type>>::const_pointer,_Traits::value_type&,const _Traits::value_type&,allocator_traits<allocator_traits<_Traits::allocator_type>::rebind_alloc<std::_Tree_node<_Traits::value_type,allocator_traits<allocator_traits<_Traits::allocator_type>::rebind_alloc<_Traits::value_type>>::void_pointer>>>::pointer>>::type>>,std::_Tree_iterator<std::_Tree_val<conditional<std::_Is_simple_alloc_v<allocator_traits<_Traits::allocator_type>::rebind_alloc<std::_Tree_node<_Traits::value_type,allocator_traits<allocator_traits<_Traits::allocator_type>::rebind_alloc<_Traits::value_type>>::void_pointer>>>,std::_Tree_simple_types<_Traits::value_type>,std::_Tree_iter_types<_Traits::value_type,allocator_traits<allocator_traits<_Traits::allocator_type>::rebind_alloc<_Traits::value_type>>::size_type,allocator_traits<allocator_traits<_Traits::allocator_type>::rebind_alloc<_Traits::value_type>>::difference_type,allocator_traits<allocator_traits<_Traits::allocator_type>::rebind_alloc<_Traits::value_type>>::pointer,allocator_traits<allocator_traits<_Traits::allocator_type>::rebind_alloc<_Traits::value_type>>::const_pointer,_Traits::value_type&,const _Traits::value_type&,allocator_traits<allocator_traits<_Traits::allocator_type>::rebind_alloc<std::_Tree_node<_Traits::value_type,allocator_traits<allocator_traits<_Traits::allocator_type>::rebind_alloc<_Traits::value_type>>::void_pointer>>>::pointer>>::type>>>::type,bool> std::_Tree<_Traits>::insert(_Traits::value_type &&)": не удается вывести аргумент шаблон для "__formal"
C:\Program Files\Microsoft Visual Studio\2022\Community\VC\Tools\MSVC\14.35.32215\include\xtree(1224,14): message : или       "conditional<std::_Tree<_Traits>::_Is_set,std::_Tree_const_iterator<std::_Tree_val<conditional<std::_Is_simple_alloc_v<allocator_traits<_Traits::allocator_type>::rebind_alloc<std::_Tree_node<_Traits::value_type,allocator_traits<allocator_traits<_Traits::allocator_type>::rebind_alloc<_Traits::value_type>>::void_pointer>>>,std::_Tree_simple_types<_Traits::value_type>,std::_Tree_iter_types<_Traits::value_type,allocator_traits<allocator_traits<_Traits::allocator_type>::rebind_alloc<_Traits::value_type>>::size_type,allocator_traits<allocator_traits<_Traits::allocator_type>::rebind_alloc<_Traits::value_type>>::difference_type,allocator_traits<allocator_traits<_Traits::allocator_type>::rebind_alloc<_Traits::value_type>>::pointer,allocator_traits<allocator_traits<_Traits::allocator_type>::rebind_alloc<_Traits::value_type>>::const_pointer,_Traits::value_type&,const _Traits::value_type&,allocator_traits<allocator_traits<_Traits::allocator_type>::rebind_alloc<std::_Tree_node<_Traits::value_type,allocator_traits<allocator_traits<_Traits::allocator_type>::rebind_alloc<_Traits::value_type>>::void_pointer>>>::pointer>>::type>>,std::_Tree_iterator<std::_Tree_val<conditional<std::_Is_simple_alloc_v<allocator_traits<_Traits::allocator_type>::rebind_alloc<std::_Tree_node<_Traits::value_type,allocator_traits<allocator_traits<_Traits::allocator_type>::rebind_alloc<_Traits::value_type>>::void_pointer>>>,std::_Tree_simple_types<_Traits::value_type>,std::_Tree_iter_types<_Traits::value_type,allocator_traits<allocator_traits<_Traits::allocator_type>::rebind_alloc<_Traits::value_type>>::size_type,allocator_traits<allocator_traits<_Traits::allocator_type>::rebind_alloc<_Traits::value_type>>::difference_type,allocator_traits<allocator_traits<_Traits::allocator_type>::rebind_alloc<_Traits::value_type>>::pointer,allocator_traits<allocator_traits<_Traits::allocator_type>::rebind_alloc<_Traits::value_type>>::const_pointer,_Traits::value_type&,const _Traits::value_type&,allocator_traits<allocator_traits<_Traits::allocator_type>::rebind_alloc<std::_Tree_node<_Traits::value_type,allocator_traits<allocator_traits<_Traits::allocator_type>::rebind_alloc<_Traits::value_type>>::void_pointer>>>::pointer>>::type>>>::type std::_Tree<_Traits>::insert(const _Traits::value_type &)"
C:\Users\dedan\source\repos\Magi_rewrite\Magi_rewrite\libs\imgui\imfilebrowser.h(456,39): message : "conditional<std::_Tree<_Traits>::_Is_set,std::_Tree_const_iterator<std::_Tree_val<conditional<std::_Is_simple_alloc_v<allocator_traits<_Traits::allocator_type>::rebind_alloc<std::_Tree_node<_Traits::value_type,allocator_traits<allocator_traits<_Traits::allocator_type>::rebind_alloc<_Traits::value_type>>::void_pointer>>>,std::_Tree_simple_types<_Traits::value_type>,std::_Tree_iter_types<_Traits::value_type,allocator_traits<allocator_traits<_Traits::allocator_type>::rebind_alloc<_Traits::value_type>>::size_type,allocator_traits<allocator_traits<_Traits::allocator_type>::rebind_alloc<_Traits::value_type>>::difference_type,allocator_traits<allocator_traits<_Traits::allocator_type>::rebind_alloc<_Traits::value_type>>::pointer,allocator_traits<allocator_traits<_Traits::allocator_type>::rebind_alloc<_Traits::value_type>>::const_pointer,_Traits::value_type&,const _Traits::value_type&,allocator_traits<allocator_traits<_Traits::allocator_type>::rebind_alloc<std::_Tree_node<_Traits::value_type,allocator_traits<allocator_traits<_Traits::allocator_type>::rebind_alloc<_Traits::value_type>>::void_pointer>>>::pointer>>::type>>,std::_Tree_iterator<std::_Tree_val<conditional<std::_Is_simple_alloc_v<allocator_traits<_Traits::allocator_type>::rebind_alloc<std::_Tree_node<_Traits::value_type,allocator_traits<allocator_traits<_Traits::allocator_type>::rebind_alloc<_Traits::value_type>>::void_pointer>>>,std::_Tree_simple_types<_Traits::value_type>,std::_Tree_iter_types<_Traits::value_type,allocator_traits<allocator_traits<_Traits::allocator_type>::rebind_alloc<_Traits::value_type>>::size_type,allocator_traits<allocator_traits<_Traits::allocator_type>::rebind_alloc<_Traits::value_type>>::difference_type,allocator_traits<allocator_traits<_Traits::allocator_type>::rebind_alloc<_Traits::value_type>>::pointer,allocator_traits<allocator_traits<_Traits::allocator_type>::rebind_alloc<_Traits::value_type>>::const_pointer,_Traits::value_type&,const _Traits::value_type&,allocator_traits<allocator_traits<_Traits::allocator_type>::rebind_alloc<std::_Tree_node<_Traits::value_type,allocator_traits<allocator_traits<_Traits::allocator_type>::rebind_alloc<_Traits::value_type>>::void_pointer>>>::pointer>>::type>>>::type std::_Tree<_Traits>::insert(const _Traits::value_type &)": не удается вывести аргумент шаблон для "__formal"
C:\Program Files\Microsoft Visual Studio\2022\Community\VC\Tools\MSVC\14.35.32215\include\xtree(1218,26): message : или       "std::pair<conditional<std::_Tree<_Traits>::_Is_set,std::_Tree_const_iterator<std::_Tree_val<conditional<std::_Is_simple_alloc_v<allocator_traits<_Traits::allocator_type>::rebind_alloc<std::_Tree_node<_Traits::value_type,allocator_traits<allocator_traits<_Traits::allocator_type>::rebind_alloc<_Traits::value_type>>::void_pointer>>>,std::_Tree_simple_types<_Traits::value_type>,std::_Tree_iter_types<_Traits::value_type,allocator_traits<allocator_traits<_Traits::allocator_type>::rebind_alloc<_Traits::value_type>>::size_type,allocator_traits<allocator_traits<_Traits::allocator_type>::rebind_alloc<_Traits::value_type>>::difference_type,allocator_traits<allocator_traits<_Traits::allocator_type>::rebind_alloc<_Traits::value_type>>::pointer,allocator_traits<allocator_traits<_Traits::allocator_type>::rebind_alloc<_Traits::value_type>>::const_pointer,_Traits::value_type&,const _Traits::value_type&,allocator_traits<allocator_traits<_Traits::allocator_type>::rebind_alloc<std::_Tree_node<_Traits::value_type,allocator_traits<allocator_traits<_Traits::allocator_type>::rebind_alloc<_Traits::value_type>>::void_pointer>>>::pointer>>::type>>,std::_Tree_iterator<std::_Tree_val<conditional<std::_Is_simple_alloc_v<allocator_traits<_Traits::allocator_type>::rebind_alloc<std::_Tree_node<_Traits::value_type,allocator_traits<allocator_traits<_Traits::allocator_type>::rebind_alloc<_Traits::value_type>>::void_pointer>>>,std::_Tree_simple_types<_Traits::value_type>,std::_Tree_iter_types<_Traits::value_type,allocator_traits<allocator_traits<_Traits::allocator_type>::rebind_alloc<_Traits::value_type>>::size_type,allocator_traits<allocator_traits<_Traits::allocator_type>::rebind_alloc<_Traits::value_type>>::difference_type,allocator_traits<allocator_traits<_Traits::allocator_type>::rebind_alloc<_Traits::value_type>>::pointer,allocator_traits<allocator_traits<_Traits::allocator_type>::rebind_alloc<_Traits::value_type>>::const_pointer,_Traits::value_type&,const _Traits::value_type&,allocator_traits<allocator_traits<_Traits::allocator_type>::rebind_alloc<std::_Tree_node<_Traits::value_type,allocator_traits<allocator_traits<_Traits::allocator_type>::rebind_alloc<_Traits::value_type>>::void_pointer>>>::pointer>>::type>>>::type,bool> std::_Tree<_Traits>::insert(const _Traits::value_type &)"
C:\Users\dedan\source\repos\Magi_rewrite\Magi_rewrite\libs\imgui\imfilebrowser.h(456,39): message : "std::pair<conditional<std::_Tree<_Traits>::_Is_set,std::_Tree_const_iterator<std::_Tree_val<conditional<std::_Is_simple_alloc_v<allocator_traits<_Traits::allocator_type>::rebind_alloc<std::_Tree_node<_Traits::value_type,allocator_traits<allocator_traits<_Traits::allocator_type>::rebind_alloc<_Traits::value_type>>::void_pointer>>>,std::_Tree_simple_types<_Traits::value_type>,std::_Tree_iter_types<_Traits::value_type,allocator_traits<allocator_traits<_Traits::allocator_type>::rebind_alloc<_Traits::value_type>>::size_type,allocator_traits<allocator_traits<_Traits::allocator_type>::rebind_alloc<_Traits::value_type>>::difference_type,allocator_traits<allocator_traits<_Traits::allocator_type>::rebind_alloc<_Traits::value_type>>::pointer,allocator_traits<allocator_traits<_Traits::allocator_type>::rebind_alloc<_Traits::value_type>>::const_pointer,_Traits::value_type&,const _Traits::value_type&,allocator_traits<allocator_traits<_Traits::allocator_type>::rebind_alloc<std::_Tree_node<_Traits::value_type,allocator_traits<allocator_traits<_Traits::allocator_type>::rebind_alloc<_Traits::value_type>>::void_pointer>>>::pointer>>::type>>,std::_Tree_iterator<std::_Tree_val<conditional<std::_Is_simple_alloc_v<allocator_traits<_Traits::allocator_type>::rebind_alloc<std::_Tree_node<_Traits::value_type,allocator_traits<allocator_traits<_Traits::allocator_type>::rebind_alloc<_Traits::value_type>>::void_pointer>>>,std::_Tree_simple_types<_Traits::value_type>,std::_Tree_iter_types<_Traits::value_type,allocator_traits<allocator_traits<_Traits::allocator_type>::rebind_alloc<_Traits::value_type>>::size_type,allocator_traits<allocator_traits<_Traits::allocator_type>::rebind_alloc<_Traits::value_type>>::difference_type,allocator_traits<allocator_traits<_Traits::allocator_type>::rebind_alloc<_Traits::value_type>>::pointer,allocator_traits<allocator_traits<_Traits::allocator_type>::rebind_alloc<_Traits::value_type>>::const_pointer,_Traits::value_type&,const _Traits::value_type&,allocator_traits<allocator_traits<_Traits::allocator_type>::rebind_alloc<std::_Tree_node<_Traits::value_type,allocator_traits<allocator_traits<_Traits::allocator_type>::rebind_alloc<_Traits::value_type>>::void_pointer>>>::pointer>>::type>>>::type,bool> std::_Tree<_Traits>::insert(const _Traits::value_type &)": не удается вывести аргумент шаблон для "__formal"
C:\Users\dedan\source\repos\Magi_rewrite\Magi_rewrite\libs\imgui\imfilebrowser.h(456,25): message : при попытке сопоставить список аргументов "(int)"
C:\Users\dedan\source\repos\Magi_rewrite\Magi_rewrite\libs\imgui\imfilebrowser.h(462,24): error C2663: "std::_Tree<_Traits>::insert": нет перегруженной функции с допустимым преобразованием для указателя "this"
C:\Program Files\Microsoft Visual Studio\2022\Community\VC\Tools\MSVC\14.35.32215\include\xtree(1278,10): message : может быть "void std::_Tree<_Traits>::insert(std::initializer_list<_Traits::value_type>)"
C:\Users\dedan\source\repos\Magi_rewrite\Magi_rewrite\libs\imgui\imfilebrowser.h(462,24): message : void std::_Tree<_Traits>::insert(std::initializer_list<_Traits::value_type>): невозможно преобразовать указатель "this" из "std::set" в "std::_Tree<_Traits> &"
C:\Users\dedan\source\repos\Magi_rewrite\Magi_rewrite\libs\imgui\imfilebrowser.h(462,4): message : Причина: невозможно преобразовать "std::set" в "std::_Tree<_Traits>"
C:\Users\dedan\source\repos\Magi_rewrite\Magi_rewrite\libs\imgui\imfilebrowser.h(462,4): message : Для преобразования требуется второй оператор пользовательского преобразования или конструктор
C:\Program Files\Microsoft Visual Studio\2022\Community\VC\Tools\MSVC\14.35.32215\include\xtree(1266,10): message : или       "void std::_Tree<_Traits>::insert(_Iter,_Iter)"
C:\Users\dedan\source\repos\Magi_rewrite\Magi_rewrite\libs\imgui\imfilebrowser.h(462,24): message : "void std::_Tree<_Traits>::insert(_Iter,_Iter)": ожидаются аргументы 2 — 1 предоставлены
C:\Program Files\Microsoft Visual Studio\2022\Community\VC\Tools\MSVC\14.35.32215\include\xtree(1235,14): message : или       "conditional<std::_Tree<_Traits>::_Is_set,std::_Tree_const_iterator<std::_Tree_val<conditional<std::_Is_simple_alloc_v<allocator_traits<_Traits::allocator_type>::rebind_alloc<std::_Tree_node<_Traits::value_type,allocator_traits<allocator_traits<_Traits::allocator_type>::rebind_alloc<_Traits::value_type>>::void_pointer>>>,std::_Tree_simple_types<_Traits::value_type>,std::_Tree_iter_types<_Traits::value_type,allocator_traits<allocator_traits<_Traits::allocator_type>::rebind_alloc<_Traits::value_type>>::size_type,allocator_traits<allocator_traits<_Traits::allocator_type>::rebind_alloc<_Traits::value_type>>::difference_type,allocator_traits<allocator_traits<_Traits::allocator_type>::rebind_alloc<_Traits::value_type>>::pointer,allocator_traits<allocator_traits<_Traits::allocator_type>::rebind_alloc<_Traits::value_type>>::const_pointer,_Traits::value_type&,const _Traits::value_type&,allocator_traits<allocator_traits<_Traits::allocator_type>::rebind_alloc<std::_Tree_node<_Traits::value_type,allocator_traits<allocator_traits<_Traits::allocator_type>::rebind_alloc<_Traits::value_type>>::void_pointer>>>::pointer>>::type>>,std::_Tree_iterator<std::_Tree_val<conditional<std::_Is_simple_alloc_v<allocator_traits<_Traits::allocator_type>::rebind_alloc<std::_Tree_node<_Traits::value_type,allocator_traits<allocator_traits<_Traits::allocator_type>::rebind_alloc<_Traits::value_type>>::void_pointer>>>,std::_Tree_simple_types<_Traits::value_type>,std::_Tree_iter_types<_Traits::value_type,allocator_traits<allocator_traits<_Traits::allocator_type>::rebind_alloc<_Traits::value_type>>::size_type,allocator_traits<allocator_traits<_Traits::allocator_type>::rebind_alloc<_Traits::value_type>>::difference_type,allocator_traits<allocator_traits<_Traits::allocator_type>::rebind_alloc<_Traits::value_type>>::pointer,allocator_traits<allocator_traits<_Traits::allocator_type>::rebind_alloc<_Traits::value_type>>::const_pointer,_Traits::value_type&,const _Traits::value_type&,allocator_traits<allocator_traits<_Traits::allocator_type>::rebind_alloc<std::_Tree_node<_Traits::value_type,allocator_traits<allocator_traits<_Traits::allocator_type>::rebind_alloc<_Traits::value_type>>::void_pointer>>>::pointer>>::type>>>::type std::_Tree<_Traits>::insert(_Traits::value_type &&)"
C:\Users\dedan\source\repos\Magi_rewrite\Magi_rewrite\libs\imgui\imfilebrowser.h(462,56): message : "conditional<std::_Tree<_Traits>::_Is_set,std::_Tree_const_iterator<std::_Tree_val<conditional<std::_Is_simple_alloc_v<allocator_traits<_Traits::allocator_type>::rebind_alloc<std::_Tree_node<_Traits::value_type,allocator_traits<allocator_traits<_Traits::allocator_type>::rebind_alloc<_Traits::value_type>>::void_pointer>>>,std::_Tree_simple_types<_Traits::value_type>,std::_Tree_iter_types<_Traits::value_type,allocator_traits<allocator_traits<_Traits::allocator_type>::rebind_alloc<_Traits::value_type>>::size_type,allocator_traits<allocator_traits<_Traits::allocator_type>::rebind_alloc<_Traits::value_type>>::difference_type,allocator_traits<allocator_traits<_Traits::allocator_type>::rebind_alloc<_Traits::value_type>>::pointer,allocator_traits<allocator_traits<_Traits::allocator_type>::rebind_alloc<_Traits::value_type>>::const_pointer,_Traits::value_type&,const _Traits::value_type&,allocator_traits<allocator_traits<_Traits::allocator_type>::rebind_alloc<std::_Tree_node<_Traits::value_type,allocator_traits<allocator_traits<_Traits::allocator_type>::rebind_alloc<_Traits::value_type>>::void_pointer>>>::pointer>>::type>>,std::_Tree_iterator<std::_Tree_val<conditional<std::_Is_simple_alloc_v<allocator_traits<_Traits::allocator_type>::rebind_alloc<std::_Tree_node<_Traits::value_type,allocator_traits<allocator_traits<_Traits::allocator_type>::rebind_alloc<_Traits::value_type>>::void_pointer>>>,std::_Tree_simple_types<_Traits::value_type>,std::_Tree_iter_types<_Traits::value_type,allocator_traits<allocator_traits<_Traits::allocator_type>::rebind_alloc<_Traits::value_type>>::size_type,allocator_traits<allocator_traits<_Traits::allocator_type>::rebind_alloc<_Traits::value_type>>::difference_type,allocator_traits<allocator_traits<_Traits::allocator_type>::rebind_alloc<_Traits::value_type>>::pointer,allocator_traits<allocator_traits<_Traits::allocator_type>::rebind_alloc<_Traits::value_type>>::const_pointer,_Traits::value_type&,const _Traits::value_type&,allocator_traits<allocator_traits<_Traits::allocator_type>::rebind_alloc<std::_Tree_node<_Traits::value_type,allocator_traits<allocator_traits<_Traits::allocator_type>::rebind_alloc<_Traits::value_type>>::void_pointer>>>::pointer>>::type>>>::type std::_Tree<_Traits>::insert(_Traits::value_type &&)": не удается вывести аргумент шаблон для "__formal"
C:\Program Files\Microsoft Visual Studio\2022\Community\VC\Tools\MSVC\14.35.32215\include\xtree(1229,26): message : или       "std::pair<conditional<std::_Tree<_Traits>::_Is_set,std::_Tree_const_iterator<std::_Tree_val<conditional<std::_Is_simple_alloc_v<allocator_traits<_Traits::allocator_type>::rebind_alloc<std::_Tree_node<_Traits::value_type,allocator_traits<allocator_traits<_Traits::allocator_type>::rebind_alloc<_Traits::value_type>>::void_pointer>>>,std::_Tree_simple_types<_Traits::value_type>,std::_Tree_iter_types<_Traits::value_type,allocator_traits<allocator_traits<_Traits::allocator_type>::rebind_alloc<_Traits::value_type>>::size_type,allocator_traits<allocator_traits<_Traits::allocator_type>::rebind_alloc<_Traits::value_type>>::difference_type,allocator_traits<allocator_traits<_Traits::allocator_type>::rebind_alloc<_Traits::value_type>>::pointer,allocator_traits<allocator_traits<_Traits::allocator_type>::rebind_alloc<_Traits::value_type>>::const_pointer,_Traits::value_type&,const _Traits::value_type&,allocator_traits<allocator_traits<_Traits::allocator_type>::rebind_alloc<std::_Tree_node<_Traits::value_type,allocator_traits<allocator_traits<_Traits::allocator_type>::rebind_alloc<_Traits::value_type>>::void_pointer>>>::pointer>>::type>>,std::_Tree_iterator<std::_Tree_val<conditional<std::_Is_simple_alloc_v<allocator_traits<_Traits::allocator_type>::rebind_alloc<std::_Tree_node<_Traits::value_type,allocator_traits<allocator_traits<_Traits::allocator_type>::rebind_alloc<_Traits::value_type>>::void_pointer>>>,std::_Tree_simple_types<_Traits::value_type>,std::_Tree_iter_types<_Traits::value_type,allocator_traits<allocator_traits<_Traits::allocator_type>::rebind_alloc<_Traits::value_type>>::size_type,allocator_traits<allocator_traits<_Traits::allocator_type>::rebind_alloc<_Traits::value_type>>::difference_type,allocator_traits<allocator_traits<_Traits::allocator_type>::rebind_alloc<_Traits::value_type>>::pointer,allocator_traits<allocator_traits<_Traits::allocator_type>::rebind_alloc<_Traits::value_type>>::const_pointer,_Traits::value_type&,const _Traits::value_type&,allocator_traits<allocator_traits<_Traits::allocator_type>::rebind_alloc<std::_Tree_node<_Traits::value_type,allocator_traits<allocator_traits<_Traits::allocator_type>::rebind_alloc<_Traits::value_type>>::void_pointer>>>::pointer>>::type>>>::type,bool> std::_Tree<_Traits>::insert(_Traits::value_type &&)"
C:\Users\dedan\source\repos\Magi_rewrite\Magi_rewrite\libs\imgui\imfilebrowser.h(462,56): message : "std::pair<conditional<std::_Tree<_Traits>::_Is_set,std::_Tree_const_iterator<std::_Tree_val<conditional<std::_Is_simple_alloc_v<allocator_traits<_Traits::allocator_type>::rebind_alloc<std::_Tree_node<_Traits::value_type,allocator_traits<allocator_traits<_Traits::allocator_type>::rebind_alloc<_Traits::value_type>>::void_pointer>>>,std::_Tree_simple_types<_Traits::value_type>,std::_Tree_iter_types<_Traits::value_type,allocator_traits<allocator_traits<_Traits::allocator_type>::rebind_alloc<_Traits::value_type>>::size_type,allocator_traits<allocator_traits<_Traits::allocator_type>::rebind_alloc<_Traits::value_type>>::difference_type,allocator_traits<allocator_traits<_Traits::allocator_type>::rebind_alloc<_Traits::value_type>>::pointer,allocator_traits<allocator_traits<_Traits::allocator_type>::rebind_alloc<_Traits::value_type>>::const_pointer,_Traits::value_type&,const _Traits::value_type&,allocator_traits<allocator_traits<_Traits::allocator_type>::rebind_alloc<std::_Tree_node<_Traits::value_type,allocator_traits<allocator_traits<_Traits::allocator_type>::rebind_alloc<_Traits::value_type>>::void_pointer>>>::pointer>>::type>>,std::_Tree_iterator<std::_Tree_val<conditional<std::_Is_simple_alloc_v<allocator_traits<_Traits::allocator_type>::rebind_alloc<std::_Tree_node<_Traits::value_type,allocator_traits<allocator_traits<_Traits::allocator_type>::rebind_alloc<_Traits::value_type>>::void_pointer>>>,std::_Tree_simple_types<_Traits::value_type>,std::_Tree_iter_types<_Traits::value_type,allocator_traits<allocator_traits<_Traits::allocator_type>::rebind_alloc<_Traits::value_type>>::size_type,allocator_traits<allocator_traits<_Traits::allocator_type>::rebind_alloc<_Traits::value_type>>::difference_type,allocator_traits<allocator_traits<_Traits::allocator_type>::rebind_alloc<_Traits::value_type>>::pointer,allocator_traits<allocator_traits<_Traits::allocator_type>::rebind_alloc<_Traits::value_type>>::const_pointer,_Traits::value_type&,const _Traits::value_type&,allocator_traits<allocator_traits<_Traits::allocator_type>::rebind_alloc<std::_Tree_node<_Traits::value_type,allocator_traits<allocator_traits<_Traits::allocator_type>::rebind_alloc<_Traits::value_type>>::void_pointer>>>::pointer>>::type>>>::type,bool> std::_Tree<_Traits>::insert(_Traits::value_type &&)": не удается вывести аргумент шаблон для "__formal"
C:\Program Files\Microsoft Visual Studio\2022\Community\VC\Tools\MSVC\14.35.32215\include\xtree(1224,14): message : или       "conditional<std::_Tree<_Traits>::_Is_set,std::_Tree_const_iterator<std::_Tree_val<conditional<std::_Is_simple_alloc_v<allocator_traits<_Traits::allocator_type>::rebind_alloc<std::_Tree_node<_Traits::value_type,allocator_traits<allocator_traits<_Traits::allocator_type>::rebind_alloc<_Traits::value_type>>::void_pointer>>>,std::_Tree_simple_types<_Traits::value_type>,std::_Tree_iter_types<_Traits::value_type,allocator_traits<allocator_traits<_Traits::allocator_type>::rebind_alloc<_Traits::value_type>>::size_type,allocator_traits<allocator_traits<_Traits::allocator_type>::rebind_alloc<_Traits::value_type>>::difference_type,allocator_traits<allocator_traits<_Traits::allocator_type>::rebind_alloc<_Traits::value_type>>::pointer,allocator_traits<allocator_traits<_Traits::allocator_type>::rebind_alloc<_Traits::value_type>>::const_pointer,_Traits::value_type&,const _Traits::value_type&,allocator_traits<allocator_traits<_Traits::allocator_type>::rebind_alloc<std::_Tree_node<_Traits::value_type,allocator_traits<allocator_traits<_Traits::allocator_type>::rebind_alloc<_Traits::value_type>>::void_pointer>>>::pointer>>::type>>,std::_Tree_iterator<std::_Tree_val<conditional<std::_Is_simple_alloc_v<allocator_traits<_Traits::allocator_type>::rebind_alloc<std::_Tree_node<_Traits::value_type,allocator_traits<allocator_traits<_Traits::allocator_type>::rebind_alloc<_Traits::value_type>>::void_pointer>>>,std::_Tree_simple_types<_Traits::value_type>,std::_Tree_iter_types<_Traits::value_type,allocator_traits<allocator_traits<_Traits::allocator_type>::rebind_alloc<_Traits::value_type>>::size_type,allocator_traits<allocator_traits<_Traits::allocator_type>::rebind_alloc<_Traits::value_type>>::difference_type,allocator_traits<allocator_traits<_Traits::allocator_type>::rebind_alloc<_Traits::value_type>>::pointer,allocator_traits<allocator_traits<_Traits::allocator_type>::rebind_alloc<_Traits::value_type>>::const_pointer,_Traits::value_type&,const _Traits::value_type&,allocator_traits<allocator_traits<_Traits::allocator_type>::rebind_alloc<std::_Tree_node<_Traits::value_type,allocator_traits<allocator_traits<_Traits::allocator_type>::rebind_alloc<_Traits::value_type>>::void_pointer>>>::pointer>>::type>>>::type std::_Tree<_Traits>::insert(const _Traits::value_type &)"
C:\Users\dedan\source\repos\Magi_rewrite\Magi_rewrite\libs\imgui\imfilebrowser.h(462,56): message : "conditional<std::_Tree<_Traits>::_Is_set,std::_Tree_const_iterator<std::_Tree_val<conditional<std::_Is_simple_alloc_v<allocator_traits<_Traits::allocator_type>::rebind_alloc<std::_Tree_node<_Traits::value_type,allocator_traits<allocator_traits<_Traits::allocator_type>::rebind_alloc<_Traits::value_type>>::void_pointer>>>,std::_Tree_simple_types<_Traits::value_type>,std::_Tree_iter_types<_Traits::value_type,allocator_traits<allocator_traits<_Traits::allocator_type>::rebind_alloc<_Traits::value_type>>::size_type,allocator_traits<allocator_traits<_Traits::allocator_type>::rebind_alloc<_Traits::value_type>>::difference_type,allocator_traits<allocator_traits<_Traits::allocator_type>::rebind_alloc<_Traits::value_type>>::pointer,allocator_traits<allocator_traits<_Traits::allocator_type>::rebind_alloc<_Traits::value_type>>::const_pointer,_Traits::value_type&,const _Traits::value_type&,allocator_traits<allocator_traits<_Traits::allocator_type>::rebind_alloc<std::_Tree_node<_Traits::value_type,allocator_traits<allocator_traits<_Traits::allocator_type>::rebind_alloc<_Traits::value_type>>::void_pointer>>>::pointer>>::type>>,std::_Tree_iterator<std::_Tree_val<conditional<std::_Is_simple_alloc_v<allocator_traits<_Traits::allocator_type>::rebind_alloc<std::_Tree_node<_Traits::value_type,allocator_traits<allocator_traits<_Traits::allocator_type>::rebind_alloc<_Traits::value_type>>::void_pointer>>>,std::_Tree_simple_types<_Traits::value_type>,std::_Tree_iter_types<_Traits::value_type,allocator_traits<allocator_traits<_Traits::allocator_type>::rebind_alloc<_Traits::value_type>>::size_type,allocator_traits<allocator_traits<_Traits::allocator_type>::rebind_alloc<_Traits::value_type>>::difference_type,allocator_traits<allocator_traits<_Traits::allocator_type>::rebind_alloc<_Traits::value_type>>::pointer,allocator_traits<allocator_traits<_Traits::allocator_type>::rebind_alloc<_Traits::value_type>>::const_pointer,_Traits::value_type&,const _Traits::value_type&,allocator_traits<allocator_traits<_Traits::allocator_type>::rebind_alloc<std::_Tree_node<_Traits::value_type,allocator_traits<allocator_traits<_Traits::allocator_type>::rebind_alloc<_Traits::value_type>>::void_pointer>>>::pointer>>::type>>>::type std::_Tree<_Traits>::insert(const _Traits::value_type &)": не удается вывести аргумент шаблон для "__formal"
C:\Program Files\Microsoft Visual Studio\2022\Community\VC\Tools\MSVC\14.35.32215\include\xtree(1218,26): message : или       "std::pair<conditional<std::_Tree<_Traits>::_Is_set,std::_Tree_const_iterator<std::_Tree_val<conditional<std::_Is_simple_alloc_v<allocator_traits<_Traits::allocator_type>::rebind_alloc<std::_Tree_node<_Traits::value_type,allocator_traits<allocator_traits<_Traits::allocator_type>::rebind_alloc<_Traits::value_type>>::void_pointer>>>,std::_Tree_simple_types<_Traits::value_type>,std::_Tree_iter_types<_Traits::value_type,allocator_traits<allocator_traits<_Traits::allocator_type>::rebind_alloc<_Traits::value_type>>::size_type,allocator_traits<allocator_traits<_Traits::allocator_type>::rebind_alloc<_Traits::value_type>>::difference_type,allocator_traits<allocator_traits<_Traits::allocator_type>::rebind_alloc<_Traits::value_type>>::pointer,allocator_traits<allocator_traits<_Traits::allocator_type>::rebind_alloc<_Traits::value_type>>::const_pointer,_Traits::value_type&,const _Traits::value_type&,allocator_traits<allocator_traits<_Traits::allocator_type>::rebind_alloc<std::_Tree_node<_Traits::value_type,allocator_traits<allocator_traits<_Traits::allocator_type>::rebind_alloc<_Traits::value_type>>::void_pointer>>>::pointer>>::type>>,std::_Tree_iterator<std::_Tree_val<conditional<std::_Is_simple_alloc_v<allocator_traits<_Traits::allocator_type>::rebind_alloc<std::_Tree_node<_Traits::value_type,allocator_traits<allocator_traits<_Traits::allocator_type>::rebind_alloc<_Traits::value_type>>::void_pointer>>>,std::_Tree_simple_types<_Traits::value_type>,std::_Tree_iter_types<_Traits::value_type,allocator_traits<allocator_traits<_Traits::allocator_type>::rebind_alloc<_Traits::value_type>>::size_type,allocator_traits<allocator_traits<_Traits::allocator_type>::rebind_alloc<_Traits::value_type>>::difference_type,allocator_traits<allocator_traits<_Traits::allocator_type>::rebind_alloc<_Traits::value_type>>::pointer,allocator_traits<allocator_traits<_Traits::allocator_type>::rebind_alloc<_Traits::value_type>>::const_pointer,_Traits::value_type&,const _Traits::value_type&,allocator_traits<allocator_traits<_Traits::allocator_type>::rebind_alloc<std::_Tree_node<_Traits::value_type,allocator_traits<allocator_traits<_Traits::allocator_type>::rebind_alloc<_Traits::value_type>>::void_pointer>>>::pointer>>::type>>>::type,bool> std::_Tree<_Traits>::insert(const _Traits::value_type &)"
C:\Users\dedan\source\repos\Magi_rewrite\Magi_rewrite\libs\imgui\imfilebrowser.h(462,56): message : "std::pair<conditional<std::_Tree<_Traits>::_Is_set,std::_Tree_const_iterator<std::_Tree_val<conditional<std::_Is_simple_alloc_v<allocator_traits<_Traits::allocator_type>::rebind_alloc<std::_Tree_node<_Traits::value_type,allocator_traits<allocator_traits<_Traits::allocator_type>::rebind_alloc<_Traits::value_type>>::void_pointer>>>,std::_Tree_simple_types<_Traits::value_type>,std::_Tree_iter_types<_Traits::value_type,allocator_traits<allocator_traits<_Traits::allocator_type>::rebind_alloc<_Traits::value_type>>::size_type,allocator_traits<allocator_traits<_Traits::allocator_type>::rebind_alloc<_Traits::value_type>>::difference_type,allocator_traits<allocator_traits<_Traits::allocator_type>::rebind_alloc<_Traits::value_type>>::pointer,allocator_traits<allocator_traits<_Traits::allocator_type>::rebind_alloc<_Traits::value_type>>::const_pointer,_Traits::value_type&,const _Traits::value_type&,allocator_traits<allocator_traits<_Traits::allocator_type>::rebind_alloc<std::_Tree_node<_Traits::value_type,allocator_traits<allocator_traits<_Traits::allocator_type>::rebind_alloc<_Traits::value_type>>::void_pointer>>>::pointer>>::type>>,std::_Tree_iterator<std::_Tree_val<conditional<std::_Is_simple_alloc_v<allocator_traits<_Traits::allocator_type>::rebind_alloc<std::_Tree_node<_Traits::value_type,allocator_traits<allocator_traits<_Traits::allocator_type>::rebind_alloc<_Traits::value_type>>::void_pointer>>>,std::_Tree_simple_types<_Traits::value_type>,std::_Tree_iter_types<_Traits::value_type,allocator_traits<allocator_traits<_Traits::allocator_type>::rebind_alloc<_Traits::value_type>>::size_type,allocator_traits<allocator_traits<_Traits::allocator_type>::rebind_alloc<_Traits::value_type>>::difference_type,allocator_traits<allocator_traits<_Traits::allocator_type>::rebind_alloc<_Traits::value_type>>::pointer,allocator_traits<allocator_traits<_Traits::allocator_type>::rebind_alloc<_Traits::value_type>>::const_pointer,_Traits::value_type&,const _Traits::value_type&,allocator_traits<allocator_traits<_Traits::allocator_type>::rebind_alloc<std::_Tree_node<_Traits::value_type,allocator_traits<allocator_traits<_Traits::allocator_type>::rebind_alloc<_Traits::value_type>>::void_pointer>>>::pointer>>::type>>>::type,bool> std::_Tree<_Traits>::insert(const _Traits::value_type &)": не удается вывести аргумент шаблон для "__formal"
C:\Users\dedan\source\repos\Magi_rewrite\Magi_rewrite\libs\imgui\imfilebrowser.h(462,24): message : при попытке сопоставить список аргументов "(_Ty *)"
          with
          [
              _Ty=char
          ]
C:\Users\dedan\source\repos\Magi_rewrite\Magi_rewrite\libs\imgui\imfilebrowser.h(480,51): error C2514: "ImGui::FileBrowser::ScopeGuard": невозможно создать шаблон класса.
C:\Users\dedan\source\repos\Magi_rewrite\Magi_rewrite\libs\imgui\imfilebrowser.h(108,1): message : см. объявление "ImGui::FileBrowser::ScopeGuard"
C:\Users\dedan\source\repos\Magi_rewrite\Magi_rewrite\libs\imgui\imfilebrowser.h(487,63): error C2514: "ImGui::FileBrowser::ScopeGuard": невозможно создать шаблон класса.
C:\Users\dedan\source\repos\Magi_rewrite\Magi_rewrite\libs\imgui\imfilebrowser.h(108,1): message : см. объявление "ImGui::FileBrowser::ScopeGuard"
C:\Users\dedan\source\repos\Magi_rewrite\Magi_rewrite\libs\imgui\imfilebrowser.h(488,28): error C2065: pwd_: необъявленный идентификатор
C:\Users\dedan\source\repos\Magi_rewrite\Magi_rewrite\libs\imgui\imfilebrowser.h(488,10): error C3861: create_directory: идентификатор не найден
C:\Users\dedan\source\repos\Magi_rewrite\Magi_rewrite\libs\imgui\imfilebrowser.h(504,7): error C3083: filesystem: символ слева от "::" должен представлять тип
C:\Users\dedan\source\repos\Magi_rewrite\Magi_rewrite\libs\imgui\imfilebrowser.h(504,19): error C2039: "path": не является членом "std".
C:\Program Files\Microsoft Visual Studio\2022\Community\VC\Tools\MSVC\14.35.32215\include\vector(24,1): message : см. объявление "std"
C:\Users\dedan\source\repos\Magi_rewrite\Magi_rewrite\libs\imgui\imfilebrowser.h(504,24): error C2146: синтаксическая ошибка: отсутствие ";" перед идентификатором "newPwd"
C:\Users\dedan\source\repos\Magi_rewrite\Magi_rewrite\libs\imgui\imfilebrowser.h(504,30): fatal  error C1003: число ошибок превышает 100; остановка компиляции
  post_processing.cpp
C:\Users\dedan\source\repos\Magi_rewrite\Magi_rewrite\gui\menu_area\blur\post_processing.h(7,10): fatal  error C1083: Не удается открыть файл включение: d3dx9.h: No such file or directory,
  menu.cpp
C:\Users\dedan\source\repos\Magi_rewrite\Magi_rewrite\gui\menu_area\menu.h(19,19): error C7525: Встроенные (inline) переменные требуют как минимум "/std:c++17".
C:\Users\dedan\source\repos\Magi_rewrite\Magi_rewrite\database\bison_extention\scanner.h(43,10): fatal  error C1083: Не удается открыть файл включение: FlexLexer.h: No such file or directory,
  imgui.cpp
C:\Users\dedan\source\repos\Magi_rewrite\Magi_rewrite\libs\imgui\imgui.cpp(5280,21): warning C4244: инициализация: преобразование "double" в "float", возможна потеря данных
  imgui_demo.cpp
  imgui_draw.cpp
  imgui_impl_dx9.cpp
  imgui_impl_win32.cpp
  imgui_tables.cpp
  imgui_widgets.cpp
  jsoncpp.cpp
  main.cpp
C:\Users\dedan\source\repos\Magi_rewrite\Magi_rewrite\database\bison_extention\scanner.h(43,10): fatal  error C1083: Не удается открыть файл включение: FlexLexer.h: No such file or directory,
  notify.cpp
