c:\users\dedan\source\repos\magi_rewrite\magi_rewrite\database\bison_extention\parser.tab.cpp
c:\users\dedan\source\repos\magi_rewrite\magi_rewrite\database\bison_extention\parser.tab.h
c:\users\dedan\source\repos\magi_rewrite\magi_rewrite\debug\vc143.pdb
c:\users\dedan\source\repos\magi_rewrite\magi_rewrite\debug\vc143.idb
c:\users\dedan\source\repos\magi_rewrite\magi_rewrite\debug\scan_utils.obj
c:\users\dedan\source\repos\magi_rewrite\magi_rewrite\debug\file_scan.obj
c:\users\dedan\source\repos\magi_rewrite\magi_rewrite\debug\main.obj
c:\users\dedan\source\repos\magi_rewrite\magi_rewrite\debug\imgui_widgets.obj
c:\users\dedan\source\repos\magi_rewrite\magi_rewrite\debug\imgui_tables.obj
c:\users\dedan\source\repos\magi_rewrite\magi_rewrite\debug\imgui_impl_win32.obj
c:\users\dedan\source\repos\magi_rewrite\magi_rewrite\debug\imgui_impl_dx9.obj
c:\users\dedan\source\repos\magi_rewrite\magi_rewrite\debug\imgui_draw.obj
c:\users\dedan\source\repos\magi_rewrite\magi_rewrite\debug\imgui_demo.obj
c:\users\dedan\source\repos\magi_rewrite\magi_rewrite\debug\imgui.obj
c:\users\dedan\source\repos\magi_rewrite\magi_rewrite\debug\menu.obj
c:\users\dedan\source\repos\magi_rewrite\magi_rewrite\debug\post_processing.obj
c:\users\dedan\source\repos\magi_rewrite\magi_rewrite\debug\wrapper.obj
c:\users\dedan\source\repos\magi_rewrite\magi_rewrite\debug\scanner.obj
c:\users\dedan\source\repos\magi_rewrite\magi_rewrite\debug\parser.obj
c:\users\dedan\source\repos\magi_rewrite\magi_rewrite\debug\bison_driver.obj
c:\users\dedan\source\repos\magi_rewrite\magi_rewrite\debug\rule_wrapper.obj
c:\users\dedan\source\repos\magi_rewrite\magi_rewrite\debug\magi_rewrite.ilk
c:\users\dedan\source\repos\magi_rewrite\debug\magi_rewrite.exe
c:\users\dedan\source\repos\magi_rewrite\debug\magi_rewrite.pdb
c:\users\dedan\source\repos\magi_rewrite\magi_rewrite\debug\magi_rewrite.write.1.tlog
c:\users\dedan\source\repos\magi_rewrite\magi_rewrite\debug\magi_rewrite.tlog\cl.command.1.tlog
c:\users\dedan\source\repos\magi_rewrite\magi_rewrite\debug\magi_rewrite.tlog\cl.read.1.tlog
c:\users\dedan\source\repos\magi_rewrite\magi_rewrite\debug\magi_rewrite.tlog\cl.write.1.tlog
c:\users\dedan\source\repos\magi_rewrite\magi_rewrite\debug\magi_rewrite.tlog\link.command.1.tlog
c:\users\dedan\source\repos\magi_rewrite\magi_rewrite\debug\magi_rewrite.tlog\link.read.1.tlog
c:\users\dedan\source\repos\magi_rewrite\magi_rewrite\debug\magi_rewrite.tlog\link.write.1.tlog
