  wrapper.cpp
  menu.cpp
  main.cpp
  file_scan.cpp
C:\Program Files\Microsoft Visual Studio\2022\Community\VC\Tools\MSVC\14.35.32215\include\xstring(2859,53): warning C4244: аргумент: преобразование "wchar_t" в "const _Elem", возможна потеря данных
          with
          [
              _Elem=char
          ]
C:\Program Files\Microsoft Visual Studio\2022\Community\VC\Tools\MSVC\14.35.32215\include\xstring(2718,1): message : выполняется компиляция ссылки на экземпляр шаблон функции "void std::basic_string<char,std::char_traits<char>,std::allocator<char>>::_Construct_from_iter<wchar_t*,wchar_t*,_Size_type>(_Iter,const _Sent,_Size)"
          with
          [
              _Size_type=unsigned int,
              _Iter=wchar_t *,
              _Sent=wchar_t *,
              _Size=unsigned int
          ]
C:\Program Files\Microsoft Visual Studio\2022\Community\VC\Tools\MSVC\14.35.32215\include\xstring(2718,37): message : выполняется компиляция ссылки на экземпляр шаблон функции "void std::basic_string<char,std::char_traits<char>,std::allocator<char>>::_Construct_from_iter<wchar_t*,wchar_t*,_Size_type>(_Iter,const _Sent,_Size)"
          with
          [
              _Size_type=unsigned int,
              _Iter=wchar_t *,
              _Sent=wchar_t *,
              _Size=unsigned int
          ]
C:\Users\dedan\source\repos\Magi_rewrite\Magi_rewrite\scanner\file_scan.cpp(52): message : выполняется компиляция ссылки на экземпляр шаблон функции "std::basic_string<char,std::char_traits<char>,std::allocator<char>>::basic_string<std::_String_iterator<std::_String_val<std::_Simple_types<_Elem>>>,0>(_Iter,_Iter,const _Alloc &)"
          with
          [
              _Elem=wchar_t,
              _Iter=std::_String_iterator<std::_String_val<std::_Simple_types<wchar_t>>>,
              _Alloc=std::allocator<char>
          ]
C:\Users\dedan\source\repos\Magi_rewrite\Magi_rewrite\scanner\file_scan.cpp(52,26): message : выполняется компиляция ссылки на экземпляр шаблон функции "std::basic_string<char,std::char_traits<char>,std::allocator<char>>::basic_string<std::_String_iterator<std::_String_val<std::_Simple_types<_Elem>>>,0>(_Iter,_Iter,const _Alloc &)"
          with
          [
              _Elem=wchar_t,
              _Iter=std::_String_iterator<std::_String_val<std::_Simple_types<wchar_t>>>,
              _Alloc=std::allocator<char>
          ]
  Создание кода...
  LINK : не найден или не выполнена сборка C:\Users\dedan\source\repos\Magi_rewrite\Debug\Magi_rewrite.exe при последней инкрементной компоновке; выполняется полная компоновка
  Magi_rewrite.vcxproj -> C:\Users\dedan\source\repos\Magi_rewrite\Debug\Magi_rewrite.exe
